This is pdfTeX, Version 3.14159265-2.6-1.40.17 (TeX Live 2016) (preloaded format=pdflatex 2016.6.19)  23 AUG 2019 18:42
entering extended mode
 restricted \write18 enabled.
 %&-line parsing enabled.
**domain.tex
(./domain.tex
LaTeX2e <2016/03/31>
Babel <3.9r> and hyphenation patterns for 83 language(s) loaded.

(/Volumes/Macintosh HD 2/local/texlive/2016/texmf-dist/tex/latex/standalone/sta
ndalone.cls
Document Class: standalone 2015/07/15 v1.2 Class to compile TeX sub-files stand
alone

(/Volumes/Macintosh HD 2/local/texlive/2016/texmf-dist/tex/generic/oberdiek/ifl
uatex.sty
Package: ifluatex 2016/05/16 v1.4 Provides the ifluatex switch (HO)
Package ifluatex Info: LuaTeX not detected.
)
(/Volumes/Macintosh HD 2/local/texlive/2016/texmf-dist/tex/generic/oberdiek/ifp
df.sty
Package: ifpdf 2016/05/14 v3.1 Provides the ifpdf switch
)
(/Volumes/Macintosh HD 2/local/texlive/2016/texmf-dist/tex/generic/ifxetex/ifxe
tex.sty
Package: ifxetex 2010/09/12 v0.6 Provides ifxetex conditional
)
(/Volumes/Macintosh HD 2/local/texlive/2016/texmf-dist/tex/latex/xkeyval/xkeyva
l.sty
Package: xkeyval 2014/12/03 v2.7a package option processing (HA)

(/Volumes/Macintosh HD 2/local/texlive/2016/texmf-dist/tex/generic/xkeyval/xkey
val.tex
(/Volumes/Macintosh HD 2/local/texlive/2016/texmf-dist/tex/generic/xkeyval/xkvu
tils.tex
\XKV@toks=\toks14
\XKV@tempa@toks=\toks15

(/Volumes/Macintosh HD 2/local/texlive/2016/texmf-dist/tex/generic/xkeyval/keyv
al.tex))
\XKV@depth=\count79
File: xkeyval.tex 2014/12/03 v2.7a key=value parser (HA)
))
\sa@internal=\count80
\c@sapage=\count81

(/Volumes/Macintosh HD 2/local/texlive/2016/texmf-dist/tex/latex/standalone/sta
ndalone.cfg
File: standalone.cfg 2015/07/15 v1.2 Default configuration file for 'standalone
' class
)
(/Volumes/Macintosh HD 2/local/texlive/2016/texmf-dist/tex/latex/base/article.c
ls
Document Class: article 2014/09/29 v1.4h Standard LaTeX document class

(/Volumes/Macintosh HD 2/local/texlive/2016/texmf-dist/tex/latex/base/size10.cl
o
File: size10.clo 2014/09/29 v1.4h Standard LaTeX file (size option)
)
\c@part=\count82
\c@section=\count83
\c@subsection=\count84
\c@subsubsection=\count85
\c@paragraph=\count86
\c@subparagraph=\count87
\c@figure=\count88
\c@table=\count89
\abovecaptionskip=\skip41
\belowcaptionskip=\skip42
\bibindent=\dimen102
)
(/Volumes/Macintosh HD 2/local/texlive/2016/texmf-dist/tex/latex/pgf/frontendla
yer/tikz.sty
(/Volumes/Macintosh HD 2/local/texlive/2016/texmf-dist/tex/latex/pgf/basiclayer
/pgf.sty
(/Volumes/Macintosh HD 2/local/texlive/2016/texmf-dist/tex/latex/pgf/utilities/
pgfrcs.sty
(/Volumes/Macintosh HD 2/local/texlive/2016/texmf-dist/tex/generic/pgf/utilitie
s/pgfutil-common.tex
\pgfutil@everybye=\toks16
\pgfutil@tempdima=\dimen103
\pgfutil@tempdimb=\dimen104

(/Volumes/Macintosh HD 2/local/texlive/2016/texmf-dist/tex/generic/pgf/utilitie
s/pgfutil-common-lists.tex))
(/Volumes/Macintosh HD 2/local/texlive/2016/texmf-dist/tex/generic/pgf/utilitie
s/pgfutil-latex.def
\pgfutil@abb=\box26

(/Volumes/Macintosh HD 2/local/texlive/2016/texmf-dist/tex/latex/ms/everyshi.st
y
Package: everyshi 2001/05/15 v3.00 EveryShipout Package (MS)
))
(/Volumes/Macintosh HD 2/local/texlive/2016/texmf-dist/tex/generic/pgf/utilitie
s/pgfrcs.code.tex
Package: pgfrcs 2015/08/07 v3.0.1a (rcs-revision 1.31)
))
Package: pgf 2015/08/07 v3.0.1a (rcs-revision 1.15)

(/Volumes/Macintosh HD 2/local/texlive/2016/texmf-dist/tex/latex/pgf/basiclayer
/pgfcore.sty
(/Volumes/Macintosh HD 2/local/texlive/2016/texmf-dist/tex/latex/graphics/graph
icx.sty
Package: graphicx 2014/10/28 v1.0g Enhanced LaTeX Graphics (DPC,SPQR)

(/Volumes/Macintosh HD 2/local/texlive/2016/texmf-dist/tex/latex/graphics/graph
ics.sty
Package: graphics 2016/05/09 v1.0r Standard LaTeX Graphics (DPC,SPQR)

(/Volumes/Macintosh HD 2/local/texlive/2016/texmf-dist/tex/latex/graphics/trig.
sty
Package: trig 2016/01/03 v1.10 sin cos tan (DPC)
)
(/Volumes/Macintosh HD 2/local/texlive/2016/texmf-dist/tex/latex/graphics-cfg/g
raphics.cfg
File: graphics.cfg 2016/01/02 v1.10 sample graphics configuration
)
Package graphics Info: Driver file: pdftex.def on input line 96.

(/Volumes/Macintosh HD 2/local/texlive/2016/texmf-dist/tex/latex/pdftex-def/pdf
tex.def
File: pdftex.def 2011/05/27 v0.06d Graphics/color for pdfTeX

(/Volumes/Macintosh HD 2/local/texlive/2016/texmf-dist/tex/generic/oberdiek/inf
warerr.sty
Package: infwarerr 2016/05/16 v1.4 Providing info/warning/error messages (HO)
)
(/Volumes/Macintosh HD 2/local/texlive/2016/texmf-dist/tex/generic/oberdiek/ltx
cmds.sty
Package: ltxcmds 2016/05/16 v1.23 LaTeX kernel commands for general use (HO)
)
\Gread@gobject=\count90
))
\Gin@req@height=\dimen105
\Gin@req@width=\dimen106
)
(/Volumes/Macintosh HD 2/local/texlive/2016/texmf-dist/tex/latex/pgf/systemlaye
r/pgfsys.sty
(/Volumes/Macintosh HD 2/local/texlive/2016/texmf-dist/tex/generic/pgf/systemla
yer/pgfsys.code.tex
Package: pgfsys 2014/07/09 v3.0.1a (rcs-revision 1.48)

(/Volumes/Macintosh HD 2/local/texlive/2016/texmf-dist/tex/generic/pgf/utilitie
s/pgfkeys.code.tex
\pgfkeys@pathtoks=\toks17
\pgfkeys@temptoks=\toks18

(/Volumes/Macintosh HD 2/local/texlive/2016/texmf-dist/tex/generic/pgf/utilitie
s/pgfkeysfiltered.code.tex
\pgfkeys@tmptoks=\toks19
))
\pgf@x=\dimen107
\pgf@y=\dimen108
\pgf@xa=\dimen109
\pgf@ya=\dimen110
\pgf@xb=\dimen111
\pgf@yb=\dimen112
\pgf@xc=\dimen113
\pgf@yc=\dimen114
\w@pgf@writea=\write3
\r@pgf@reada=\read1
\c@pgf@counta=\count91
\c@pgf@countb=\count92
\c@pgf@countc=\count93
\c@pgf@countd=\count94
\t@pgf@toka=\toks20
\t@pgf@tokb=\toks21
\t@pgf@tokc=\toks22

(/Volumes/Macintosh HD 2/local/texlive/2016/texmf-dist/tex/generic/pgf/systemla
yer/pgf.cfg
File: pgf.cfg 2008/05/14  (rcs-revision 1.7)
)
Driver file for pgf: pgfsys-pdftex.def

(/Volumes/Macintosh HD 2/local/texlive/2016/texmf-dist/tex/generic/pgf/systemla
yer/pgfsys-pdftex.def
File: pgfsys-pdftex.def 2014/10/11  (rcs-revision 1.35)

(/Volumes/Macintosh HD 2/local/texlive/2016/texmf-dist/tex/generic/pgf/systemla
yer/pgfsys-common-pdf.def
File: pgfsys-common-pdf.def 2013/10/10  (rcs-revision 1.13)
)))
(/Volumes/Macintosh HD 2/local/texlive/2016/texmf-dist/tex/generic/pgf/systemla
yer/pgfsyssoftpath.code.tex
File: pgfsyssoftpath.code.tex 2013/09/09  (rcs-revision 1.9)
\pgfsyssoftpath@smallbuffer@items=\count95
\pgfsyssoftpath@bigbuffer@items=\count96
)
(/Volumes/Macintosh HD 2/local/texlive/2016/texmf-dist/tex/generic/pgf/systemla
yer/pgfsysprotocol.code.tex
File: pgfsysprotocol.code.tex 2006/10/16  (rcs-revision 1.4)
))
(/Volumes/Macintosh HD 2/local/texlive/2016/texmf-dist/tex/latex/xcolor/xcolor.
sty
Package: xcolor 2016/05/11 v2.12 LaTeX color extensions (UK)

(/Volumes/Macintosh HD 2/local/texlive/2016/texmf-dist/tex/latex/graphics-cfg/c
olor.cfg
File: color.cfg 2016/01/02 v1.6 sample color configuration
)
Package xcolor Info: Driver file: pdftex.def on input line 225.
Package xcolor Info: Model `cmy' substituted by `cmy0' on input line 1348.
Package xcolor Info: Model `hsb' substituted by `rgb' on input line 1352.
Package xcolor Info: Model `RGB' extended on input line 1364.
Package xcolor Info: Model `HTML' substituted by `rgb' on input line 1366.
Package xcolor Info: Model `Hsb' substituted by `hsb' on input line 1367.
Package xcolor Info: Model `tHsb' substituted by `hsb' on input line 1368.
Package xcolor Info: Model `HSB' substituted by `hsb' on input line 1369.
Package xcolor Info: Model `Gray' substituted by `gray' on input line 1370.
Package xcolor Info: Model `wave' substituted by `hsb' on input line 1371.
)
(/Volumes/Macintosh HD 2/local/texlive/2016/texmf-dist/tex/generic/pgf/basiclay
er/pgfcore.code.tex
Package: pgfcore 2010/04/11 v3.0.1a (rcs-revision 1.7)

(/Volumes/Macintosh HD 2/local/texlive/2016/texmf-dist/tex/generic/pgf/math/pgf
math.code.tex
(/Volumes/Macintosh HD 2/local/texlive/2016/texmf-dist/tex/generic/pgf/math/pgf
mathcalc.code.tex
(/Volumes/Macintosh HD 2/local/texlive/2016/texmf-dist/tex/generic/pgf/math/pgf
mathutil.code.tex)
(/Volumes/Macintosh HD 2/local/texlive/2016/texmf-dist/tex/generic/pgf/math/pgf
mathparser.code.tex
\pgfmath@dimen=\dimen115
\pgfmath@count=\count97
\pgfmath@box=\box27
\pgfmath@toks=\toks23
\pgfmath@stack@operand=\toks24
\pgfmath@stack@operation=\toks25
)
(/Volumes/Macintosh HD 2/local/texlive/2016/texmf-dist/tex/generic/pgf/math/pgf
mathfunctions.code.tex
(/Volumes/Macintosh HD 2/local/texlive/2016/texmf-dist/tex/generic/pgf/math/pgf
mathfunctions.basic.code.tex)
(/Volumes/Macintosh HD 2/local/texlive/2016/texmf-dist/tex/generic/pgf/math/pgf
mathfunctions.trigonometric.code.tex)
(/Volumes/Macintosh HD 2/local/texlive/2016/texmf-dist/tex/generic/pgf/math/pgf
mathfunctions.random.code.tex)
(/Volumes/Macintosh HD 2/local/texlive/2016/texmf-dist/tex/generic/pgf/math/pgf
mathfunctions.comparison.code.tex)
(/Volumes/Macintosh HD 2/local/texlive/2016/texmf-dist/tex/generic/pgf/math/pgf
mathfunctions.base.code.tex)
(/Volumes/Macintosh HD 2/local/texlive/2016/texmf-dist/tex/generic/pgf/math/pgf
mathfunctions.round.code.tex)
(/Volumes/Macintosh HD 2/local/texlive/2016/texmf-dist/tex/generic/pgf/math/pgf
mathfunctions.misc.code.tex)
(/Volumes/Macintosh HD 2/local/texlive/2016/texmf-dist/tex/generic/pgf/math/pgf
mathfunctions.integerarithmetics.code.tex)))
(/Volumes/Macintosh HD 2/local/texlive/2016/texmf-dist/tex/generic/pgf/math/pgf
mathfloat.code.tex
\c@pgfmathroundto@lastzeros=\count98
))
(/Volumes/Macintosh HD 2/local/texlive/2016/texmf-dist/tex/generic/pgf/basiclay
er/pgfcorepoints.code.tex
File: pgfcorepoints.code.tex 2013/10/07  (rcs-revision 1.27)
\pgf@picminx=\dimen116
\pgf@picmaxx=\dimen117
\pgf@picminy=\dimen118
\pgf@picmaxy=\dimen119
\pgf@pathminx=\dimen120
\pgf@pathmaxx=\dimen121
\pgf@pathminy=\dimen122
\pgf@pathmaxy=\dimen123
\pgf@xx=\dimen124
\pgf@xy=\dimen125
\pgf@yx=\dimen126
\pgf@yy=\dimen127
\pgf@zx=\dimen128
\pgf@zy=\dimen129
)
(/Volumes/Macintosh HD 2/local/texlive/2016/texmf-dist/tex/generic/pgf/basiclay
er/pgfcorepathconstruct.code.tex
File: pgfcorepathconstruct.code.tex 2013/10/07  (rcs-revision 1.29)
\pgf@path@lastx=\dimen130
\pgf@path@lasty=\dimen131
)
(/Volumes/Macintosh HD 2/local/texlive/2016/texmf-dist/tex/generic/pgf/basiclay
er/pgfcorepathusage.code.tex
File: pgfcorepathusage.code.tex 2014/11/02  (rcs-revision 1.24)
\pgf@shorten@end@additional=\dimen132
\pgf@shorten@start@additional=\dimen133
)
(/Volumes/Macintosh HD 2/local/texlive/2016/texmf-dist/tex/generic/pgf/basiclay
er/pgfcorescopes.code.tex
File: pgfcorescopes.code.tex 2015/05/08  (rcs-revision 1.46)
\pgfpic=\box28
\pgf@hbox=\box29
\pgf@layerbox@main=\box30
\pgf@picture@serial@count=\count99
)
(/Volumes/Macintosh HD 2/local/texlive/2016/texmf-dist/tex/generic/pgf/basiclay
er/pgfcoregraphicstate.code.tex
File: pgfcoregraphicstate.code.tex 2014/11/02  (rcs-revision 1.12)
\pgflinewidth=\dimen134
)
(/Volumes/Macintosh HD 2/local/texlive/2016/texmf-dist/tex/generic/pgf/basiclay
er/pgfcoretransformations.code.tex
File: pgfcoretransformations.code.tex 2015/08/07  (rcs-revision 1.20)
\pgf@pt@x=\dimen135
\pgf@pt@y=\dimen136
\pgf@pt@temp=\dimen137
)
(/Volumes/Macintosh HD 2/local/texlive/2016/texmf-dist/tex/generic/pgf/basiclay
er/pgfcorequick.code.tex
File: pgfcorequick.code.tex 2008/10/09  (rcs-revision 1.3)
)
(/Volumes/Macintosh HD 2/local/texlive/2016/texmf-dist/tex/generic/pgf/basiclay
er/pgfcoreobjects.code.tex
File: pgfcoreobjects.code.tex 2006/10/11  (rcs-revision 1.2)
)
(/Volumes/Macintosh HD 2/local/texlive/2016/texmf-dist/tex/generic/pgf/basiclay
er/pgfcorepathprocessing.code.tex
File: pgfcorepathprocessing.code.tex 2013/09/09  (rcs-revision 1.9)
)
(/Volumes/Macintosh HD 2/local/texlive/2016/texmf-dist/tex/generic/pgf/basiclay
er/pgfcorearrows.code.tex
File: pgfcorearrows.code.tex 2015/05/14  (rcs-revision 1.43)
\pgfarrowsep=\dimen138
)
(/Volumes/Macintosh HD 2/local/texlive/2016/texmf-dist/tex/generic/pgf/basiclay
er/pgfcoreshade.code.tex
File: pgfcoreshade.code.tex 2013/07/15  (rcs-revision 1.15)
\pgf@max=\dimen139
\pgf@sys@shading@range@num=\count100
)
(/Volumes/Macintosh HD 2/local/texlive/2016/texmf-dist/tex/generic/pgf/basiclay
er/pgfcoreimage.code.tex
File: pgfcoreimage.code.tex 2013/07/15  (rcs-revision 1.18)

(/Volumes/Macintosh HD 2/local/texlive/2016/texmf-dist/tex/generic/pgf/basiclay
er/pgfcoreexternal.code.tex
File: pgfcoreexternal.code.tex 2014/07/09  (rcs-revision 1.21)
\pgfexternal@startupbox=\box31
))
(/Volumes/Macintosh HD 2/local/texlive/2016/texmf-dist/tex/generic/pgf/basiclay
er/pgfcorelayers.code.tex
File: pgfcorelayers.code.tex 2013/07/18  (rcs-revision 1.7)
)
(/Volumes/Macintosh HD 2/local/texlive/2016/texmf-dist/tex/generic/pgf/basiclay
er/pgfcoretransparency.code.tex
File: pgfcoretransparency.code.tex 2013/09/30  (rcs-revision 1.5)
)
(/Volumes/Macintosh HD 2/local/texlive/2016/texmf-dist/tex/generic/pgf/basiclay
er/pgfcorepatterns.code.tex
File: pgfcorepatterns.code.tex 2013/11/07  (rcs-revision 1.5)
)))
(/Volumes/Macintosh HD 2/local/texlive/2016/texmf-dist/tex/generic/pgf/modules/
pgfmoduleshapes.code.tex
File: pgfmoduleshapes.code.tex 2014/03/21  (rcs-revision 1.35)
\pgfnodeparttextbox=\box32
)
(/Volumes/Macintosh HD 2/local/texlive/2016/texmf-dist/tex/generic/pgf/modules/
pgfmoduleplot.code.tex
File: pgfmoduleplot.code.tex 2015/08/03  (rcs-revision 1.13)
)
(/Volumes/Macintosh HD 2/local/texlive/2016/texmf-dist/tex/latex/pgf/compatibil
ity/pgfcomp-version-0-65.sty
Package: pgfcomp-version-0-65 2007/07/03 v3.0.1a (rcs-revision 1.7)
\pgf@nodesepstart=\dimen140
\pgf@nodesepend=\dimen141
)
(/Volumes/Macintosh HD 2/local/texlive/2016/texmf-dist/tex/latex/pgf/compatibil
ity/pgfcomp-version-1-18.sty
Package: pgfcomp-version-1-18 2007/07/23 v3.0.1a (rcs-revision 1.1)
))
(/Volumes/Macintosh HD 2/local/texlive/2016/texmf-dist/tex/latex/pgf/utilities/
pgffor.sty
(/Volumes/Macintosh HD 2/local/texlive/2016/texmf-dist/tex/latex/pgf/utilities/
pgfkeys.sty
(/Volumes/Macintosh HD 2/local/texlive/2016/texmf-dist/tex/generic/pgf/utilitie
s/pgfkeys.code.tex))
(/Volumes/Macintosh HD 2/local/texlive/2016/texmf-dist/tex/latex/pgf/math/pgfma
th.sty
(/Volumes/Macintosh HD 2/local/texlive/2016/texmf-dist/tex/generic/pgf/math/pgf
math.code.tex))
(/Volumes/Macintosh HD 2/local/texlive/2016/texmf-dist/tex/generic/pgf/utilitie
s/pgffor.code.tex
Package: pgffor 2013/12/13 v3.0.1a (rcs-revision 1.25)

(/Volumes/Macintosh HD 2/local/texlive/2016/texmf-dist/tex/generic/pgf/math/pgf
math.code.tex)
\pgffor@iter=\dimen142
\pgffor@skip=\dimen143
\pgffor@stack=\toks26
\pgffor@toks=\toks27
))
(/Volumes/Macintosh HD 2/local/texlive/2016/texmf-dist/tex/generic/pgf/frontend
layer/tikz/tikz.code.tex
Package: tikz 2015/08/07 v3.0.1a (rcs-revision 1.151)

(/Volumes/Macintosh HD 2/local/texlive/2016/texmf-dist/tex/generic/pgf/librarie
s/pgflibraryplothandlers.code.tex
File: pgflibraryplothandlers.code.tex 2013/08/31 v3.0.1a (rcs-revision 1.20)
\pgf@plot@mark@count=\count101
\pgfplotmarksize=\dimen144
)
\tikz@lastx=\dimen145
\tikz@lasty=\dimen146
\tikz@lastxsaved=\dimen147
\tikz@lastysaved=\dimen148
\tikzleveldistance=\dimen149
\tikzsiblingdistance=\dimen150
\tikz@figbox=\box33
\tikz@figbox@bg=\box34
\tikz@tempbox=\box35
\tikz@tempbox@bg=\box36
\tikztreelevel=\count102
\tikznumberofchildren=\count103
\tikznumberofcurrentchild=\count104
\tikz@fig@count=\count105

(/Volumes/Macintosh HD 2/local/texlive/2016/texmf-dist/tex/generic/pgf/modules/
pgfmodulematrix.code.tex
File: pgfmodulematrix.code.tex 2013/09/17  (rcs-revision 1.8)
\pgfmatrixcurrentrow=\count106
\pgfmatrixcurrentcolumn=\count107
\pgf@matrix@numberofcolumns=\count108
)
\tikz@expandcount=\count109

(/Volumes/Macintosh HD 2/local/texlive/2016/texmf-dist/tex/generic/pgf/frontend
layer/tikz/libraries/tikzlibrarytopaths.code.tex
File: tikzlibrarytopaths.code.tex 2008/06/17 v3.0.1a (rcs-revision 1.2)
)))
\sa@box=\box37
)
(/Volumes/Macintosh HD 2/local/texlive/2016/texmf-dist/tex/latex/amsmath/amsmat
h.sty
Package: amsmath 2016/03/10 v2.15b AMS math features
\@mathmargin=\skip43

For additional information on amsmath, use the `?' option.

(/Volumes/Macintosh HD 2/local/texlive/2016/texmf-dist/tex/latex/amsmath/amstex
t.sty
Package: amstext 2000/06/29 v2.01 AMS text

(/Volumes/Macintosh HD 2/local/texlive/2016/texmf-dist/tex/latex/amsmath/amsgen
.sty
File: amsgen.sty 1999/11/30 v2.0 generic functions
\@emptytoks=\toks28
\ex@=\dimen151
))
(/Volumes/Macintosh HD 2/local/texlive/2016/texmf-dist/tex/latex/amsmath/amsbsy
.sty
Package: amsbsy 1999/11/29 v1.2d Bold Symbols
\pmbraise@=\dimen152
)
(/Volumes/Macintosh HD 2/local/texlive/2016/texmf-dist/tex/latex/amsmath/amsopn
.sty
Package: amsopn 2016/03/08 v2.02 operator names
)
\inf@bad=\count110
LaTeX Info: Redefining \frac on input line 199.
\uproot@=\count111
\leftroot@=\count112
LaTeX Info: Redefining \overline on input line 297.
\classnum@=\count113
\DOTSCASE@=\count114
LaTeX Info: Redefining \ldots on input line 394.
LaTeX Info: Redefining \dots on input line 397.
LaTeX Info: Redefining \cdots on input line 518.
\Mathstrutbox@=\box38
\strutbox@=\box39
\big@size=\dimen153
LaTeX Font Info:    Redeclaring font encoding OML on input line 634.
LaTeX Font Info:    Redeclaring font encoding OMS on input line 635.
\macc@depth=\count115
\c@MaxMatrixCols=\count116
\dotsspace@=\muskip10
\c@parentequation=\count117
\dspbrk@lvl=\count118
\tag@help=\toks29
\row@=\count119
\column@=\count120
\maxfields@=\count121
\andhelp@=\toks30
\eqnshift@=\dimen154
\alignsep@=\dimen155
\tagshift@=\dimen156
\tagwidth@=\dimen157
\totwidth@=\dimen158
\lineht@=\dimen159
\@envbody=\toks31
\multlinegap=\skip44
\multlinetaggap=\skip45
\mathdisplay@stack=\toks32
LaTeX Info: Redefining \[ on input line 2739.
LaTeX Info: Redefining \] on input line 2740.
)
(/Volumes/Macintosh HD 2/local/texlive/2016/texmf-dist/tex/latex/psnfss/times.s
ty
Package: times 2005/04/12 PSNFSS-v9.2a (SPQR) 
)
(/Volumes/Macintosh HD 2/local/texlive/2016/texmf-dist/tex/latex/txfonts/txfont
s.sty
Package: txfonts 2008/01/22 v3.2.1
LaTeX Font Info:    Redeclaring symbol font `operators' on input line 21.
LaTeX Font Info:    Overwriting symbol font `operators' in version `normal'
(Font)                  OT1/cmr/m/n --> OT1/txr/m/n on input line 21.
LaTeX Font Info:    Overwriting symbol font `operators' in version `bold'
(Font)                  OT1/cmr/bx/n --> OT1/txr/m/n on input line 21.
LaTeX Font Info:    Overwriting symbol font `operators' in version `bold'
(Font)                  OT1/txr/m/n --> OT1/txr/bx/n on input line 22.
\symitalic=\mathgroup4
LaTeX Font Info:    Overwriting symbol font `italic' in version `bold'
(Font)                  OT1/txr/m/it --> OT1/txr/bx/it on input line 26.
LaTeX Font Info:    Redeclaring math alphabet \mathbf on input line 29.
LaTeX Font Info:    Overwriting math alphabet `\mathbf' in version `normal'
(Font)                  OT1/cmr/bx/n --> OT1/txr/bx/n on input line 29.
LaTeX Font Info:    Overwriting math alphabet `\mathbf' in version `bold'
(Font)                  OT1/cmr/bx/n --> OT1/txr/bx/n on input line 29.
LaTeX Font Info:    Redeclaring math alphabet \mathit on input line 30.
LaTeX Font Info:    Overwriting math alphabet `\mathit' in version `normal'
(Font)                  OT1/cmr/m/it --> OT1/txr/m/it on input line 30.
LaTeX Font Info:    Overwriting math alphabet `\mathit' in version `bold'
(Font)                  OT1/cmr/bx/it --> OT1/txr/m/it on input line 30.
LaTeX Font Info:    Overwriting math alphabet `\mathit' in version `bold'
(Font)                  OT1/txr/m/it --> OT1/txr/bx/it on input line 31.
LaTeX Font Info:    Redeclaring math alphabet \mathsf on input line 40.
LaTeX Font Info:    Overwriting math alphabet `\mathsf' in version `normal'
(Font)                  OT1/cmss/m/n --> OT1/txss/m/n on input line 40.
LaTeX Font Info:    Overwriting math alphabet `\mathsf' in version `bold'
(Font)                  OT1/cmss/bx/n --> OT1/txss/m/n on input line 40.
LaTeX Font Info:    Overwriting math alphabet `\mathsf' in version `bold'
(Font)                  OT1/txss/m/n --> OT1/txss/b/n on input line 41.
LaTeX Font Info:    Redeclaring math alphabet \mathtt on input line 50.
LaTeX Font Info:    Overwriting math alphabet `\mathtt' in version `normal'
(Font)                  OT1/cmtt/m/n --> OT1/txtt/m/n on input line 50.
LaTeX Font Info:    Overwriting math alphabet `\mathtt' in version `bold'
(Font)                  OT1/cmtt/m/n --> OT1/txtt/m/n on input line 50.
LaTeX Font Info:    Overwriting math alphabet `\mathtt' in version `bold'
(Font)                  OT1/txtt/m/n --> OT1/txtt/b/n on input line 51.
LaTeX Font Info:    Redeclaring symbol font `letters' on input line 58.
LaTeX Font Info:    Overwriting symbol font `letters' in version `normal'
(Font)                  OML/cmm/m/it --> OML/txmi/m/it on input line 58.
LaTeX Font Info:    Overwriting symbol font `letters' in version `bold'
(Font)                  OML/cmm/b/it --> OML/txmi/m/it on input line 58.
LaTeX Font Info:    Overwriting symbol font `letters' in version `bold'
(Font)                  OML/txmi/m/it --> OML/txmi/bx/it on input line 59.
\symlettersA=\mathgroup5
LaTeX Font Info:    Overwriting symbol font `lettersA' in version `bold'
(Font)                  U/txmia/m/it --> U/txmia/bx/it on input line 67.
LaTeX Font Info:    Redeclaring symbol font `symbols' on input line 77.
LaTeX Font Info:    Overwriting symbol font `symbols' in version `normal'
(Font)                  OMS/cmsy/m/n --> OMS/txsy/m/n on input line 77.
LaTeX Font Info:    Overwriting symbol font `symbols' in version `bold'
(Font)                  OMS/cmsy/b/n --> OMS/txsy/m/n on input line 77.
LaTeX Font Info:    Overwriting symbol font `symbols' in version `bold'
(Font)                  OMS/txsy/m/n --> OMS/txsy/bx/n on input line 78.
\symAMSa=\mathgroup6
LaTeX Font Info:    Overwriting symbol font `AMSa' in version `bold'
(Font)                  U/txsya/m/n --> U/txsya/bx/n on input line 94.
\symAMSb=\mathgroup7
LaTeX Font Info:    Overwriting symbol font `AMSb' in version `bold'
(Font)                  U/txsyb/m/n --> U/txsyb/bx/n on input line 103.
\symsymbolsC=\mathgroup8
LaTeX Font Info:    Overwriting symbol font `symbolsC' in version `bold'
(Font)                  U/txsyc/m/n --> U/txsyc/bx/n on input line 113.
LaTeX Font Info:    Redeclaring symbol font `largesymbols' on input line 120.
LaTeX Font Info:    Overwriting symbol font `largesymbols' in version `normal'
(Font)                  OMX/cmex/m/n --> OMX/txex/m/n on input line 120.
LaTeX Font Info:    Overwriting symbol font `largesymbols' in version `bold'
(Font)                  OMX/cmex/m/n --> OMX/txex/m/n on input line 120.
LaTeX Font Info:    Overwriting symbol font `largesymbols' in version `bold'
(Font)                  OMX/txex/m/n --> OMX/txex/bx/n on input line 121.
\symlargesymbolsA=\mathgroup9
LaTeX Font Info:    Overwriting symbol font `largesymbolsA' in version `bold'
(Font)                  U/txexa/m/n --> U/txexa/bx/n on input line 129.
LaTeX Info: Redefining \not on input line 1043.
)
(/Volumes/Macintosh HD 2/local/texlive/2016/texmf-dist/tex/latex/pgfplots/pgfpl
ots.sty
(/Volumes/Macintosh HD 2/local/texlive/2016/texmf-dist/tex/generic/pgfplots/pgf
plots.revision.tex)
Package: pgfplots 2016/01/06 v1.13 Data Visualization (1.13)

(/Volumes/Macintosh HD 2/local/texlive/2016/texmf-dist/tex/generic/pgfplots/pgf
plots.code.tex
(/Volumes/Macintosh HD 2/local/texlive/2016/texmf-dist/tex/generic/pgfplots/pgf
plotscore.code.tex
\t@pgfplots@toka=\toks33
\t@pgfplots@tokb=\toks34
\t@pgfplots@tokc=\toks35
\pgfplots@tmpa=\dimen160
\c@pgfplots@coordindex=\count122
\c@pgfplots@scanlineindex=\count123

(/Volumes/Macintosh HD 2/local/texlive/2016/texmf-dist/tex/generic/pgfplots/sys
/pgfplotssysgeneric.code.tex))
(/Volumes/Macintosh HD 2/local/texlive/2016/texmf-dist/tex/generic/pgfplots/lib
s/pgfplotslibrary.code.tex)
(/Volumes/Macintosh HD 2/local/texlive/2016/texmf-dist/tex/generic/pgfplots/old
pgfcompatib/pgfplotsoldpgfsupp_loader.code.tex
(/Volumes/Macintosh HD 2/local/texlive/2016/texmf-dist/tex/generic/pgf/librarie
s/pgflibraryfpu.code.tex)
Package pgfplots: loading complementary arithmetics for your pgf version...

(/Volumes/Macintosh HD 2/local/texlive/2016/texmf-dist/tex/generic/pgfplots/old
pgfcompatib/pgfplotsoldpgfsupp_pgflibraryfpu.code.tex)
(/Volumes/Macintosh HD 2/local/texlive/2016/texmf-dist/tex/generic/pgfplots/old
pgfcompatib/pgfplotsoldpgfsupp_pgfmathfloat.code.tex
\c@pgfmathroundto@lastzeros=\count124
))
(/Volumes/Macintosh HD 2/local/texlive/2016/texmf-dist/tex/generic/pgfplots/uti
l/pgfplotsutil.code.tex
(/Volumes/Macintosh HD 2/local/texlive/2016/texmf-dist/tex/generic/pgfplots/lis
tstructure/pgfplotsliststructure.code.tex)
(/Volumes/Macintosh HD 2/local/texlive/2016/texmf-dist/tex/generic/pgfplots/lis
tstructure/pgfplotsliststructureext.code.tex)
(/Volumes/Macintosh HD 2/local/texlive/2016/texmf-dist/tex/generic/pgfplots/lis
tstructure/pgfplotsarray.code.tex
\c@pgfplotsarray@tmp=\count125
)
(/Volumes/Macintosh HD 2/local/texlive/2016/texmf-dist/tex/generic/pgfplots/lis
tstructure/pgfplotsmatrix.code.tex)
(/Volumes/Macintosh HD 2/local/texlive/2016/texmf-dist/tex/generic/pgfplots/num
table/pgfplotstableshared.code.tex
\c@pgfplotstable@counta=\count126
\t@pgfplotstable@a=\toks36
)
(/Volumes/Macintosh HD 2/local/texlive/2016/texmf-dist/tex/generic/pgfplots/lis
tstructure/pgfplotsdeque.code.tex)
(/Volumes/Macintosh HD 2/local/texlive/2016/texmf-dist/tex/generic/pgfplots/uti
l/pgfplotsbinary.code.tex
(/Volumes/Macintosh HD 2/local/texlive/2016/texmf-dist/tex/generic/pgfplots/uti
l/pgfplotsbinary.data.code.tex))
(/Volumes/Macintosh HD 2/local/texlive/2016/texmf-dist/tex/generic/pgfplots/uti
l/pgfplotsutil.verb.code.tex)
(/Volumes/Macintosh HD 2/local/texlive/2016/texmf-dist/tex/generic/pgfplots/lib
s/pgflibrarypgfplots.surfshading.code.tex
\c@pgfplotslibrarysurf@no=\count127

(/Volumes/Macintosh HD 2/local/texlive/2016/texmf-dist/tex/generic/pgfplots/sys
/pgflibrarypgfplots.surfshading.pgfsys-pdftex.def)))
(/Volumes/Macintosh HD 2/local/texlive/2016/texmf-dist/tex/generic/pgfplots/uti
l/pgfplotscolormap.code.tex
(/Volumes/Macintosh HD 2/local/texlive/2016/texmf-dist/tex/generic/pgfplots/uti
l/pgfplotscolor.code.tex))
(/Volumes/Macintosh HD 2/local/texlive/2016/texmf-dist/tex/generic/pgfplots/pgf
plotsstackedplots.code.tex)
(/Volumes/Macintosh HD 2/local/texlive/2016/texmf-dist/tex/generic/pgfplots/pgf
plotsplothandlers.code.tex
(/Volumes/Macintosh HD 2/local/texlive/2016/texmf-dist/tex/generic/pgfplots/pgf
plotsmeshplothandler.code.tex
(/Volumes/Macintosh HD 2/local/texlive/2016/texmf-dist/tex/generic/pgfplots/pgf
plotsmeshplotimage.code.tex)))
(/Volumes/Macintosh HD 2/local/texlive/2016/texmf-dist/tex/generic/pgfplots/pgf
plots.scaling.code.tex)
(/Volumes/Macintosh HD 2/local/texlive/2016/texmf-dist/tex/generic/pgfplots/pgf
plotscoordprocessing.code.tex)
(/Volumes/Macintosh HD 2/local/texlive/2016/texmf-dist/tex/generic/pgfplots/pgf
plots.errorbars.code.tex)
(/Volumes/Macintosh HD 2/local/texlive/2016/texmf-dist/tex/generic/pgfplots/pgf
plots.markers.code.tex)
(/Volumes/Macintosh HD 2/local/texlive/2016/texmf-dist/tex/generic/pgfplots/pgf
plotsticks.code.tex)
(/Volumes/Macintosh HD 2/local/texlive/2016/texmf-dist/tex/generic/pgfplots/pgf
plots.paths.code.tex)
(/Volumes/Macintosh HD 2/local/texlive/2016/texmf-dist/tex/generic/pgf/frontend
layer/tikz/libraries/tikzlibrarydecorations.code.tex
(/Volumes/Macintosh HD 2/local/texlive/2016/texmf-dist/tex/generic/pgf/modules/
pgfmoduledecorations.code.tex
\pgfdecoratedcompleteddistance=\dimen161
\pgfdecoratedremainingdistance=\dimen162
\pgfdecoratedinputsegmentcompleteddistance=\dimen163
\pgfdecoratedinputsegmentremainingdistance=\dimen164
\pgf@decorate@distancetomove=\dimen165
\pgf@decorate@repeatstate=\count128
\pgfdecorationsegmentamplitude=\dimen166
\pgfdecorationsegmentlength=\dimen167
)
\tikz@lib@dec@box=\box40
)
(/Volumes/Macintosh HD 2/local/texlive/2016/texmf-dist/tex/generic/pgf/frontend
layer/tikz/libraries/tikzlibrarydecorations.pathmorphing.code.tex
(/Volumes/Macintosh HD 2/local/texlive/2016/texmf-dist/tex/generic/pgf/librarie
s/decorations/pgflibrarydecorations.pathmorphing.code.tex))
(/Volumes/Macintosh HD 2/local/texlive/2016/texmf-dist/tex/generic/pgf/frontend
layer/tikz/libraries/tikzlibrarydecorations.pathreplacing.code.tex
(/Volumes/Macintosh HD 2/local/texlive/2016/texmf-dist/tex/generic/pgf/librarie
s/decorations/pgflibrarydecorations.pathreplacing.code.tex))
\pgfplots@numplots=\count129
\pgfplots@xmin@reg=\dimen168
\pgfplots@xmax@reg=\dimen169
\pgfplots@ymin@reg=\dimen170
\pgfplots@ymax@reg=\dimen171
\pgfplots@zmin@reg=\dimen172
\pgfplots@zmax@reg=\dimen173
)
(/Volumes/Macintosh HD 2/local/texlive/2016/texmf-dist/tex/generic/pgf/frontend
layer/tikz/libraries/tikzlibraryplotmarks.code.tex
File: tikzlibraryplotmarks.code.tex 2008/01/09 v3.0.1a (rcs-revision 1.1)

(/Volumes/Macintosh HD 2/local/texlive/2016/texmf-dist/tex/generic/pgf/librarie
s/pgflibraryplotmarks.code.tex
File: pgflibraryplotmarks.code.tex 2015/08/03 v3.0.1a (rcs-revision 1.14)
)))
(/Volumes/Macintosh HD 2/local/texlive/2016/texmf-dist/tex/latex/csvsimple/csvs
imple.sty
Package: csvsimple 2014/07/14 version 1.12 LaTeX CSV file processing

(/Volumes/Macintosh HD 2/local/texlive/2016/texmf-dist/tex/latex/base/ifthen.st
y
Package: ifthen 2014/09/29 v1.1c Standard LaTeX ifthen package (DPC)
)
\csv@file=\read2
\c@csvinputline=\count130
\c@csvrow=\count131
\c@csvcol=\count132
\csv@out=\write4
)
(/Volumes/Macintosh HD 2/local/texlive/2016/texmf-dist/tex/generic/pgf/frontend
layer/tikz/libraries/tikzlibraryarrows.code.tex
File: tikzlibraryarrows.code.tex 2008/01/09 v3.0.1a (rcs-revision 1.1)

(/Volumes/Macintosh HD 2/local/texlive/2016/texmf-dist/tex/generic/pgf/librarie
s/pgflibraryarrows.code.tex
File: pgflibraryarrows.code.tex 2013/09/23 v3.0.1a (rcs-revision 1.16)
\arrowsize=\dimen174
))
(/Volumes/Macintosh HD 2/local/texlive/2016/texmf-dist/tex/generic/pgf/frontend
layer/tikz/libraries/tikzlibraryintersections.code.tex
(/Volumes/Macintosh HD 2/local/texlive/2016/texmf-dist/tex/generic/pgf/librarie
s/pgflibraryintersections.code.tex
\pgf@intersect@solutions=\count133
))
(/Volumes/Macintosh HD 2/local/texlive/2016/texmf-dist/tex/generic/pgf/frontend
layer/tikz/libraries/tikzlibrarymath.code.tex
\tikz@math@for@depth=\count134
\tikz@math@dimen=\dimen175
\tikz@math@toks=\toks37
) (./domain.aux)
\openout1 = `domain.aux'.

LaTeX Font Info:    Checking defaults for OML/txmi/m/it on input line 13.
LaTeX Font Info:    Try loading font information for OML+txmi on input line 13.


(/Volumes/Macintosh HD 2/local/texlive/2016/texmf-dist/tex/latex/txfonts/omltxm
i.fd
File: omltxmi.fd 2000/12/15 v3.1
)
LaTeX Font Info:    ... okay on input line 13.
LaTeX Font Info:    Checking defaults for T1/cmr/m/n on input line 13.
LaTeX Font Info:    ... okay on input line 13.
LaTeX Font Info:    Checking defaults for OT1/cmr/m/n on input line 13.
LaTeX Font Info:    ... okay on input line 13.
LaTeX Font Info:    Checking defaults for OMS/txsy/m/n on input line 13.
LaTeX Font Info:    Try loading font information for OMS+txsy on input line 13.


(/Volumes/Macintosh HD 2/local/texlive/2016/texmf-dist/tex/latex/txfonts/omstxs
y.fd
File: omstxsy.fd 2000/12/15 v3.1
)
LaTeX Font Info:    ... okay on input line 13.
LaTeX Font Info:    Checking defaults for OMX/txex/m/n on input line 13.
LaTeX Font Info:    Try loading font information for OMX+txex on input line 13.


(/Volumes/Macintosh HD 2/local/texlive/2016/texmf-dist/tex/latex/txfonts/omxtxe
x.fd
File: omxtxex.fd 2000/12/15 v3.1
)
LaTeX Font Info:    ... okay on input line 13.
LaTeX Font Info:    Checking defaults for U/txexa/m/n on input line 13.
LaTeX Font Info:    Try loading font information for U+txexa on input line 13.

(/Volumes/Macintosh HD 2/local/texlive/2016/texmf-dist/tex/latex/txfonts/utxexa
.fd
File: utxexa.fd 2000/12/15 v3.1
)
LaTeX Font Info:    ... okay on input line 13.
LaTeX Font Info:    Try loading font information for OT1+txr on input line 13.

(/Volumes/Macintosh HD 2/local/texlive/2016/texmf-dist/tex/latex/txfonts/ot1txr
.fd
File: ot1txr.fd 2000/12/15 v3.1
) ABD: EveryShipout initializing macros
(/Volumes/Macintosh HD 2/local/texlive/2016/texmf-dist/tex/context/base/mkii/su
pp-pdf.mkii
[Loading MPS to PDF converter (version 2006.09.02).]
\scratchcounter=\count135
\scratchdimen=\dimen176
\scratchbox=\box41
\nofMPsegments=\count136
\nofMParguments=\count137
\everyMPshowfont=\toks38
\MPscratchCnt=\count138
\MPscratchDim=\dimen177
\MPnumerator=\count139
\makeMPintoPDFobject=\count140
\everyMPtoPDFconversion=\toks39
)
(/Volumes/Macintosh HD 2/local/texlive/2016/texmf-dist/tex/generic/oberdiek/pdf
texcmds.sty
Package: pdftexcmds 2016/05/10 v0.21 Utility functions of pdfTeX for LuaTeX (HO
)
Package pdftexcmds Info: LuaTeX not detected.
Package pdftexcmds Info: \pdf@primitive is available.
Package pdftexcmds Info: \pdf@ifprimitive is available.
Package pdftexcmds Info: \pdfdraftmode found.
)
(/Volumes/Macintosh HD 2/local/texlive/2016/texmf-dist/tex/latex/oberdiek/epsto
pdf-base.sty
Package: epstopdf-base 2016/05/15 v2.6 Base part for package epstopdf

(/Volumes/Macintosh HD 2/local/texlive/2016/texmf-dist/tex/latex/oberdiek/grfex
t.sty
Package: grfext 2016/05/16 v1.2 Manage graphics extensions (HO)

(/Volumes/Macintosh HD 2/local/texlive/2016/texmf-dist/tex/generic/oberdiek/kvd
efinekeys.sty
Package: kvdefinekeys 2016/05/16 v1.4 Define keys (HO)
))
(/Volumes/Macintosh HD 2/local/texlive/2016/texmf-dist/tex/latex/oberdiek/kvopt
ions.sty
Package: kvoptions 2016/05/16 v3.12 Key value format for package options (HO)

(/Volumes/Macintosh HD 2/local/texlive/2016/texmf-dist/tex/generic/oberdiek/kvs
etkeys.sty
Package: kvsetkeys 2016/05/16 v1.17 Key value parser (HO)

(/Volumes/Macintosh HD 2/local/texlive/2016/texmf-dist/tex/generic/oberdiek/ete
xcmds.sty
Package: etexcmds 2016/05/16 v1.6 Avoid name clashes with e-TeX commands (HO)
Package etexcmds Info: Could not find \expanded.
(etexcmds)             That can mean that you are not using pdfTeX 1.50 or
(etexcmds)             that some package has redefined \expanded.
(etexcmds)             In the latter case, load this package earlier.
)))
Package grfext Info: Graphics extension search list:
(grfext)             [.png,.pdf,.jpg,.mps,.jpeg,.jbig2,.jb2,.PNG,.PDF,.JPG,.JPE
G,.JBIG2,.JB2,.eps]
(grfext)             \AppendGraphicsExtensions on input line 456.

(/Volumes/Macintosh HD 2/local/texlive/2016/texmf-dist/tex/latex/latexconfig/ep
stopdf-sys.cfg
File: epstopdf-sys.cfg 2010/07/13 v1.3 Configuration of (r)epstopdf for TeX Liv
e
))

Package pgfplots Warning: running in backwards compatibility mode (unsuitable t
ick labels; missing features). Consider writing \pgfplotsset{compat=1.13} into 
your preamble.
 on input line 13.

LaTeX Font Info:    Try loading font information for U+txmia on input line 37.

(/Volumes/Macintosh HD 2/local/texlive/2016/texmf-dist/tex/latex/txfonts/utxmia
.fd
File: utxmia.fd 2000/12/15 v3.1
)
LaTeX Font Info:    Try loading font information for U+txsya on input line 37.

(/Volumes/Macintosh HD 2/local/texlive/2016/texmf-dist/tex/latex/txfonts/utxsya
.fd
File: utxsya.fd 2000/12/15 v3.1
)
LaTeX Font Info:    Try loading font information for U+txsyb on input line 37.

(/Volumes/Macintosh HD 2/local/texlive/2016/texmf-dist/tex/latex/txfonts/utxsyb
.fd
File: utxsyb.fd 2000/12/15 v3.1
)
LaTeX Font Info:    Try loading font information for U+txsyc on input line 37.

(/Volumes/Macintosh HD 2/local/texlive/2016/texmf-dist/tex/latex/txfonts/utxsyc
.fd
File: utxsyc.fd 2000/12/15 v3.1
) [1

{/Volumes/Macintosh HD 2/local/texlive/2016/texmf-var/fonts/map/pdftex/updmap/p
dftex.map}] (./domain.aux) ) 
Here is how much of TeX's memory you used:
 24165 strings out of 493014
 620130 string characters out of 6133351
 745459 words of memory out of 5000000
 27277 multiletter control sequences out of 15000+600000
 17575 words of font info for 50 fonts, out of 8000000 for 9000
 1141 hyphenation exceptions out of 8191
 62i,7n,77p,724b,657s stack positions out of 5000i,500n,10000p,200000b,80000s
{/Volumes/Macintosh HD 2/local/texlive/2016/texmf-d
ist/fonts/enc/dvips/base/8r.enc}</Volumes/Macintosh HD 2/local/texlive/2016/tex
mf-dist/fonts/type1/public/txfonts/rtxr.pfb></Volumes/Macintosh HD 2/local/texl
ive/2016/texmf-dist/fonts/type1/public/txfonts/txsy.pfb></Volumes/Macintosh HD 
2/local/texlive/2016/texmf-dist/fonts/type1/urw/times/utmr8a.pfb></Volumes/Maci
ntosh HD 2/local/texlive/2016/texmf-dist/fonts/type1/urw/times/utmri8a.pfb>
Output written on domain.pdf (1 page, 19144 bytes).
PDF statistics:
 28 PDF objects out of 1000 (max. 8388607)
 20 compressed objects within 1 object stream
 0 named destinations out of 1000 (max. 500000)
 13 words of extra memory for PDF output out of 10000 (max. 10000000)

